<?xml version="1.0" encoding="UTF-8"?>
<testsuite name="modules.UserTest" tests="2" skipped="0" failures="0" errors="0" timestamp="2021-08-25T08:35:48" hostname="sirkadima-HP-Compaq-6200-Pro-SFF-PC" time="0.002">
  <properties/>
  <testcase name="instanceSuccessfullyCreated()" classname="modules.UserTest" time="0.001"/>
  <testcase name="variablesCanBeAssigned()" classname="modules.UserTest" time="0.001"/>
  <system-out><![CDATA[]]></system-out>
  <system-err><![CDATA[]]></system-err>
</testsuite>
